<?xml version="1.0" encoding="UTF-8"?>
<!-- Generated by org.testng.reporters.JUnitReportReporter -->
<testsuite skipped="0" hostname="DESKTOP-SK6OQ2N" name="test.ToggleAllTest" tests="1" failures="0" timestamp="2020-08-26T12:35:37 EDT" time="4.763" errors="0">
  <testcase name="validateToggleAll" time="4.763" classname="test.ToggleAllTest"/>
  <system-out/>
</testsuite> <!-- test.ToggleAllTest -->
