<?xml version="1.0" encoding="UTF-8"?>
<!-- Generated by org.testng.reporters.JUnitReportReporter -->
<testsuite skipped="0" hostname="DESKTOP-SK6OQ2N" name="test.SetSkyBlueTest" tests="1" failures="0" timestamp="2020-08-26T12:24:42 EDT" time="4.681" errors="0">
  <testcase name="SetSkyBlueAndValidate" time="4.681" classname="test.SetSkyBlueTest"/>
  <system-out/>
</testsuite> <!-- test.SetSkyBlueTest -->
