<?xml version="1.0" encoding="UTF-8"?>
<!-- Generated by org.testng.reporters.JUnitReportReporter -->
<testsuite skipped="0" hostname="DESKTOP-SK6OQ2N" name="test.MonthsDropDownTest" tests="1" failures="0" timestamp="2020-08-25T19:58:28 EDT" time="5.435" errors="0">
  <testcase name="MonthDropDownListAndValidate" time="5.435" classname="test.MonthsDropDownTest"/>
  <system-out/>
</testsuite> <!-- test.MonthsDropDownTest -->
