<?xml version="1.0" encoding="UTF-8"?>
<!-- Generated by org.testng.reporters.JUnitReportReporter -->
<testsuite skipped="0" hostname="DESKTOP-SK6OQ2N" name="test.CategoryAlreadyExistsTest" tests="1" failures="0" timestamp="2020-09-10T20:06:22 EDT" time="8.238" errors="0">
  <testcase name="CategoryAlreadyExistsAndValidate" time="8.238" classname="test.CategoryAlreadyExistsTest"/>
  <system-out/>
</testsuite> <!-- test.CategoryAlreadyExistsTest -->
