<?xml version="1.0" encoding="UTF-8"?>
<!-- Generated by org.testng.reporters.JUnitReportReporter -->
<testsuite skipped="0" hostname="DESKTOP-SK6OQ2N" name="test.CategoryAlreadyExistsTest" tests="1" failures="0" timestamp="2020-08-25T18:02:55 EDT" time="4.321" errors="0">
  <testcase name="CategoryAlreadyExistsAndValidate" time="4.321" classname="test.CategoryAlreadyExistsTest"/>
  <system-out/>
</testsuite> <!-- test.CategoryAlreadyExistsTest -->
