<?xml version="1.0" encoding="UTF-8"?>
<!-- Generated by org.testng.reporters.JUnitReportReporter -->
<testsuite skipped="0" hostname="DESKTOP-SK6OQ2N" name="test.SetSkyWhiteTest" tests="1" failures="0" timestamp="2020-08-26T12:30:41 EDT" time="4.702" errors="0">
  <testcase name="SetSkyWhiteAndValidate" time="4.702" classname="test.SetSkyWhiteTest"/>
  <system-out/>
</testsuite> <!-- test.SetSkyWhiteTest -->
