<?xml version="1.0" encoding="UTF-8"?>
<!-- Generated by org.testng.reporters.JUnitReportReporter -->
<testsuite skipped="0" hostname="DESKTOP-SK6OQ2N" name="test.ListAllCheckBoxRemovedTest" tests="1" failures="0" timestamp="2020-08-25T01:23:24 EDT" time="5.106" errors="0">
  <testcase name="validateAllListCheckBoxRemoved" time="5.106" classname="test.ListAllCheckBoxRemovedTest"/>
  <system-out/>
</testsuite> <!-- test.ListAllCheckBoxRemovedTest -->
