<?xml version="1.0" encoding="UTF-8"?>
<!-- Generated by org.testng.reporters.JUnitReportReporter -->
<testsuite skipped="0" hostname="DESKTOP-SK6OQ2N" name="test.SingleListCheckBoxTest" tests="1" failures="0" timestamp="2020-08-26T12:48:33 EDT" time="5.733" errors="0">
  <testcase name="validateListCheckBox" time="5.733" classname="test.SingleListCheckBoxTest"/>
  <system-out/>
</testsuite> <!-- test.SingleListCheckBoxTest -->
