<?xml version="1.0" encoding="UTF-8"?>
<!-- Generated by org.testng.reporters.JUnitReportReporter -->
<testsuite skipped="0" hostname="DESKTOP-SK6OQ2N" name="test.AddCategoryTest" tests="1" failures="0" timestamp="2020-08-26T12:58:03 EDT" time="5.688" errors="0">
  <testcase name="addCategoryAndValidate" time="5.688" classname="test.AddCategoryTest"/>
  <system-out/>
</testsuite> <!-- test.AddCategoryTest -->
