<?xml version="1.0" encoding="UTF-8"?>
<!-- Generated by org.testng.reporters.JUnitReportReporter -->
<testsuite skipped="0" hostname="DESKTOP-SK6OQ2N" name="test.AddCategoryTest" tests="1" failures="0" timestamp="2020-09-10T20:04:15 EDT" time="8.732" errors="0">
  <testcase name="addCategoryAndValidate" time="8.732" classname="test.AddCategoryTest"/>
  <system-out/>
</testsuite> <!-- test.AddCategoryTest -->
